This is pdfTeX, Version 3.1415926-2.5-1.40.14 (TeX Live 2013/TeX Live for SUSE Linux) (format=pdflatex 2014.5.8)  1 JUL 2015 09:12
entering extended mode
 restricted \write18 enabled.
 %&-line parsing enabled.
**ShapeWorksStudioLab.tex
(./ShapeWorksStudioLab.tex
LaTeX2e <2011/06/27>
Babel <3.9f> and hyphenation patterns for 78 languages loaded.
(/usr/share/texmf/tex/latex/base/article.cls
Document Class: article 2007/10/19 v1.4h Standard LaTeX document class
(/usr/share/texmf/tex/latex/base/size12.clo
File: size12.clo 2007/10/19 v1.4h Standard LaTeX file (size option)
)
\c@part=\count79
\c@section=\count80
\c@subsection=\count81
\c@subsubsection=\count82
\c@paragraph=\count83
\c@subparagraph=\count84
\c@figure=\count85
\c@table=\count86
\abovecaptionskip=\skip41
\belowcaptionskip=\skip42
\bibindent=\dimen102
) (./osajnl2.sty
Package: osajnl2 2007/03/14 LaTeX package for submission to OSA's print journal
s

(/usr/share/texmf/tex/latex/cite/cite.sty
LaTeX Info: Redefining \cite on input line 302.
LaTeX Info: Redefining \nocite on input line 373.
Package: cite 2010/09/10  v 5.3
)
(/usr/share/texmf/tex/latex/geometry/geometry.sty
Package: geometry 2010/09/12 v5.6 Page Geometry

(/usr/share/texmf/tex/latex/graphics/keyval.sty
Package: keyval 1999/03/16 v1.13 key=value parser (DPC)
\KV@toks@=\toks14
)
(/usr/share/texmf/tex/generic/oberdiek/ifpdf.sty
Package: ifpdf 2011/01/30 v2.3 Provides the ifpdf switch (HO)
Package ifpdf Info: pdfTeX in PDF mode is detected.
)
(/usr/share/texmf/tex/generic/oberdiek/ifvtex.sty
Package: ifvtex 2010/03/01 v1.5 Detect VTeX and its facilities (HO)
Package ifvtex Info: VTeX not detected.
)
(/usr/share/texmf/tex/generic/ifxetex/ifxetex.sty
Package: ifxetex 2010/09/12 v0.6 Provides ifxetex conditional
)
\Gm@cnth=\count87
\Gm@cntv=\count88
\c@Gm@tempcnt=\count89
\Gm@bindingoffset=\dimen103
\Gm@wd@mp=\dimen104
\Gm@odd@mp=\dimen105
\Gm@even@mp=\dimen106
\Gm@layoutwidth=\dimen107
\Gm@layoutheight=\dimen108
\Gm@layouthoffset=\dimen109
\Gm@layoutvoffset=\dimen110
\Gm@dimlist=\toks15
)
(/usr/share/texmf/tex/latex/graphics/color.sty
Package: color 2005/11/14 v1.0j Standard LaTeX Color (DPC)

(/usr/share/texmf/tex/latex/latexconfig/color.cfg
File: color.cfg 2007/01/18 v1.5 color configuration of teTeX/TeXLive
)
Package color Info: Driver file: pdftex.def on input line 130.

(/usr/share/texmf/tex/latex/pdftex-def/pdftex.def
File: pdftex.def 2011/05/27 v0.06d Graphics/color for pdfTeX

(/usr/share/texmf/tex/generic/oberdiek/infwarerr.sty
Package: infwarerr 2010/04/08 v1.3 Providing info/warning/error messages (HO)
)
(/usr/share/texmf/tex/generic/oberdiek/ltxcmds.sty
Package: ltxcmds 2011/11/09 v1.22 LaTeX kernel commands for general use (HO)
)
\Gread@gobject=\count90
))
(/usr/share/texmf/tex/latex/graphics/graphicx.sty
Package: graphicx 1999/02/16 v1.0f Enhanced LaTeX Graphics (DPC,SPQR)

(/usr/share/texmf/tex/latex/graphics/graphics.sty
Package: graphics 2009/02/05 v1.0o Standard LaTeX Graphics (DPC,SPQR)

(/usr/share/texmf/tex/latex/graphics/trig.sty
Package: trig 1999/03/16 v1.09 sin cos tan (DPC)
)
(/usr/share/texmf/tex/latex/latexconfig/graphics.cfg
File: graphics.cfg 2010/04/23 v1.9 graphics configuration of TeX Live
)
Package graphics Info: Driver file: pdftex.def on input line 91.
)
\Gin@req@height=\dimen111
\Gin@req@width=\dimen112
))
(/usr/share/texmf/tex/latex/hyperref/hyperref.sty
Package: hyperref 2012/11/06 v6.83m Hypertext links for LaTeX

(/usr/share/texmf/tex/generic/oberdiek/hobsub-hyperref.sty
Package: hobsub-hyperref 2012/05/28 v1.13 Bundle oberdiek, subset hyperref (HO)


(/usr/share/texmf/tex/generic/oberdiek/hobsub-generic.sty
Package: hobsub-generic 2012/05/28 v1.13 Bundle oberdiek, subset generic (HO)
Package: hobsub 2012/05/28 v1.13 Construct package bundles (HO)
Package hobsub Info: Skipping package `infwarerr' (already loaded).
Package hobsub Info: Skipping package `ltxcmds' (already loaded).
Package: ifluatex 2010/03/01 v1.3 Provides the ifluatex switch (HO)
Package ifluatex Info: LuaTeX not detected.
Package hobsub Info: Skipping package `ifvtex' (already loaded).
Package: intcalc 2007/09/27 v1.1 Expandable calculations with integers (HO)
Package hobsub Info: Skipping package `ifpdf' (already loaded).
Package: etexcmds 2011/02/16 v1.5 Avoid name clashes with e-TeX commands (HO)
Package etexcmds Info: Could not find \expanded.
(etexcmds)             That can mean that you are not using pdfTeX 1.50 or
(etexcmds)             that some package has redefined \expanded.
(etexcmds)             In the latter case, load this package earlier.
Package: kvsetkeys 2012/04/25 v1.16 Key value parser (HO)
Package: kvdefinekeys 2011/04/07 v1.3 Define keys (HO)
Package: pdftexcmds 2011/11/29 v0.20 Utility functions of pdfTeX for LuaTeX (HO
)
Package pdftexcmds Info: LuaTeX not detected.
Package pdftexcmds Info: \pdf@primitive is available.
Package pdftexcmds Info: \pdf@ifprimitive is available.
Package pdftexcmds Info: \pdfdraftmode found.
Package: pdfescape 2011/11/25 v1.13 Implements pdfTeX's escape features (HO)
Package: bigintcalc 2012/04/08 v1.3 Expandable calculations on big integers (HO
)
Package: bitset 2011/01/30 v1.1 Handle bit-vector datatype (HO)
Package: uniquecounter 2011/01/30 v1.2 Provide unlimited unique counter (HO)
)
Package hobsub Info: Skipping package `hobsub' (already loaded).
Package: letltxmacro 2010/09/02 v1.4 Let assignment for LaTeX macros (HO)
Package: hopatch 2012/05/28 v1.2 Wrapper for package hooks (HO)
Package: xcolor-patch 2011/01/30 xcolor patch
Package: atveryend 2011/06/30 v1.8 Hooks at the very end of document (HO)
Package atveryend Info: \enddocument detected (standard20110627).
Package: atbegshi 2011/10/05 v1.16 At begin shipout hook (HO)
Package: refcount 2011/10/16 v3.4 Data extraction from label references (HO)
Package: hycolor 2011/01/30 v1.7 Color options for hyperref/bookmark (HO)
)
(/usr/share/texmf/tex/latex/oberdiek/auxhook.sty
Package: auxhook 2011/03/04 v1.3 Hooks for auxiliary files (HO)
)
(/usr/share/texmf/tex/latex/oberdiek/kvoptions.sty
Package: kvoptions 2011/06/30 v3.11 Key value format for package options (HO)
)
\@linkdim=\dimen113
\Hy@linkcounter=\count91
\Hy@pagecounter=\count92

(/usr/share/texmf/tex/latex/hyperref/pd1enc.def
File: pd1enc.def 2012/11/06 v6.83m Hyperref: PDFDocEncoding definition (HO)
)
\Hy@SavedSpaceFactor=\count93

(/usr/share/texmf/tex/latex/latexconfig/hyperref.cfg
File: hyperref.cfg 2002/06/06 v1.2 hyperref configuration of TeXLive
)
Package hyperref Info: Option `draft' set `true' on input line 4319.
Package hyperref Info: Option `implicit' set `false' on input line 4319.
Package hyperref Info: Hyper figures OFF on input line 4443.
Package hyperref Info: Link nesting OFF on input line 4448.
Package hyperref Info: Hyper index ON on input line 4451.
Package hyperref Info: Plain pages OFF on input line 4458.
Package hyperref Info: Backreferencing OFF on input line 4463.
Package hyperref Info: Implicit mode OFF; no redefinition of LaTeX internals.
Package hyperref Info: Bookmarks ON on input line 4688.
\c@Hy@tempcnt=\count94

(/usr/share/texmf/tex/latex/url/url.sty
\Urlmuskip=\muskip10
Package: url 2006/04/12  ver 3.3  Verb mode for urls, etc.
)
LaTeX Info: Redefining \url on input line 5041.
\XeTeXLinkMargin=\dimen114
\Fld@menulength=\count95
\Field@Width=\dimen115
\Fld@charsize=\dimen116
Package hyperref Info: Hyper figures OFF on input line 6295.
Package hyperref Info: Link nesting OFF on input line 6300.
Package hyperref Info: Hyper index ON on input line 6303.
Package hyperref Info: backreferencing OFF on input line 6310.
Package hyperref Info: Link coloring OFF on input line 6315.
Package hyperref Info: Link coloring with OCG OFF on input line 6320.
Package hyperref Info: PDF/A mode OFF on input line 6325.
LaTeX Info: Redefining \ref on input line 6365.
LaTeX Info: Redefining \pageref on input line 6369.
\Hy@abspage=\count96


Package hyperref Message: Stopped early.

)

Package hyperref Message: Driver (autodetected): hpdftex.

(/usr/share/texmf/tex/latex/hyperref/hpdftex.def
File: hpdftex.def 2012/11/06 v6.83m Hyperref driver for pdfTeX
\Fld@listcount=\count97
\c@bookmark@seq@number=\count98

(/usr/share/texmf/tex/latex/oberdiek/rerunfilecheck.sty
Package: rerunfilecheck 2011/04/15 v1.7 Rerun checks for auxiliary files (HO)
Package uniquecounter Info: New unique counter `rerunfilecheck' on input line 2
82.
))
(/usr/share/texmf/tex/latex/caption/caption.sty
Package: caption 2013/05/02 v3.3-89 Customizing captions (AR)

(/usr/share/texmf/tex/latex/caption/caption3.sty
Package: caption3 2013/05/02 v1.6-88 caption3 kernel (AR)
Package caption3 Info: TeX engine: e-TeX on input line 57.
\captionmargin=\dimen117
\captionmargin@=\dimen118
\captionwidth=\dimen119
\caption@tempdima=\dimen120
\caption@indent=\dimen121
\caption@parindent=\dimen122
\caption@hangindent=\dimen123
Package caption Info: Unknown document class (or package),
(caption)             standard defaults will be used.
)

Package caption Warning: Unsupported document class (or package) detected,
(caption)                usage of the caption package is not recommended.
See the caption package documentation for explanation.

Package caption Info: \@makecaption = \long macro:#1#2->\normalsize \vskip \abo
vecaptionskip \sbox \@tempboxa {#1. #2}\ifdim \wd \@tempboxa >\@MaxCapWidth \hs
kip .5in\parbox {5.5in}{#1. #2} \else \global \@minipagefalse \hb@xt@ \hsize {\
hfil \box \@tempboxa \hfil }\fi \vskip \belowcaptionskip \normalsize .
\c@ContinuedFloat=\count99
Package caption Info: hyperref package is loaded.
Package caption Info: Hyperref support is turned off
(caption)             because hyperref has stopped early.
) (/usr/share/texmf/tex/latex/caption/subcaption.sty
Package: subcaption 2013/02/03 v1.1-62 Sub-captions (AR)
\c@subfigure=\count100
\c@subtable=\count101
)
(/usr/share/texmf/tex/latex/algorithmicx/algcompatible.sty
Package: algcompatible 

(/usr/share/texmf/tex/latex/base/ifthen.sty
Package: ifthen 2001/05/26 v1.1c Standard LaTeX ifthen package (DPC)
)
(/usr/share/texmf/tex/latex/algorithmicx/algorithmicx.sty
Package: algorithmicx 2005/04/27 v1.2 Algorithmicx

Document Style algorithmicx 1.2 - a greatly improved `algorithmic' style
\c@ALG@line=\count102
\c@ALG@rem=\count103
\c@ALG@nested=\count104
\ALG@tlm=\skip43
\ALG@thistlm=\skip44
\c@ALG@Lnr=\count105
\c@ALG@blocknr=\count106
\c@ALG@storecount=\count107
\c@ALG@tmpcounter=\count108
\ALG@tmplength=\skip45
)
Document Style - algorithmic compatible environments for the `algorithmicx' sty
le
) (/usr/share/texmf/tex/latex/algorithms/algorithm.sty
Package: algorithm 2009/08/24 v0.1 Document Style `algorithm' - floating enviro
nment

(/usr/share/texmf/tex/latex/float/float.sty
Package: float 2001/11/08 v1.3d Float enhancements (AL)
\c@float@type=\count109
\float@exts=\toks16
\float@box=\box26
\@float@everytoks=\toks17
\@floatcapt=\box27
)
\@float@every@algorithm=\toks18
\c@algorithm=\count110
)
(/usr/share/texmf/tex/latex/changepage/chngpage.sty
Package: chngpage 2009/10/20 v1.2b change page layout
\c@cp@cnt=\count111
\c@cp@tempcnt=\count112
)
(/usr/share/texmf/tex/latex/wrapfig/wrapfig.sty
\wrapoverhang=\dimen124
\WF@size=\dimen125
\c@WF@wrappedlines=\count113
\WF@box=\box28
\WF@everypar=\toks19
Package: wrapfig 2003/01/31  v 3.6
)
(/usr/share/texmf/tex/latex/amsmath/amsmath.sty
Package: amsmath 2013/01/14 v2.14 AMS math features
\@mathmargin=\skip46

For additional information on amsmath, use the `?' option.
(/usr/share/texmf/tex/latex/amsmath/amstext.sty
Package: amstext 2000/06/29 v2.01

(/usr/share/texmf/tex/latex/amsmath/amsgen.sty
File: amsgen.sty 1999/11/30 v2.0
\@emptytoks=\toks20
\ex@=\dimen126
))
(/usr/share/texmf/tex/latex/amsmath/amsbsy.sty
Package: amsbsy 1999/11/29 v1.2d
\pmbraise@=\dimen127
)
(/usr/share/texmf/tex/latex/amsmath/amsopn.sty
Package: amsopn 1999/12/14 v2.01 operator names
)
\inf@bad=\count114
LaTeX Info: Redefining \frac on input line 210.
\uproot@=\count115
\leftroot@=\count116
LaTeX Info: Redefining \overline on input line 306.
\classnum@=\count117
\DOTSCASE@=\count118
LaTeX Info: Redefining \ldots on input line 378.
LaTeX Info: Redefining \dots on input line 381.
LaTeX Info: Redefining \cdots on input line 466.
\Mathstrutbox@=\box29
\strutbox@=\box30
\big@size=\dimen128
LaTeX Font Info:    Redeclaring font encoding OML on input line 566.
LaTeX Font Info:    Redeclaring font encoding OMS on input line 567.
\macc@depth=\count119
\c@MaxMatrixCols=\count120
\dotsspace@=\muskip11
\c@parentequation=\count121
\dspbrk@lvl=\count122
\tag@help=\toks21
\row@=\count123
\column@=\count124
\maxfields@=\count125
\andhelp@=\toks22
\eqnshift@=\dimen129
\alignsep@=\dimen130
\tagshift@=\dimen131
\tagwidth@=\dimen132
\totwidth@=\dimen133
\lineht@=\dimen134
\@envbody=\toks23
\multlinegap=\skip47
\multlinetaggap=\skip48
\mathdisplay@stack=\toks24
LaTeX Info: Redefining \[ on input line 2665.
LaTeX Info: Redefining \] on input line 2666.
)
(/usr/share/texmf/tex/latex/listings/listings.sty
\lst@mode=\count126
\lst@gtempboxa=\box31
\lst@token=\toks25
\lst@length=\count127
\lst@currlwidth=\dimen135
\lst@column=\count128
\lst@pos=\count129
\lst@lostspace=\dimen136
\lst@width=\dimen137
\lst@newlines=\count130
\lst@lineno=\count131
\lst@maxwidth=\dimen138

(/usr/share/texmf/tex/latex/listings/lstmisc.sty
File: lstmisc.sty 2007/02/22 1.4 (Carsten Heinz)
\c@lstnumber=\count132
\lst@skipnumbers=\count133
\lst@framebox=\box32
)
(/usr/share/texmf/tex/latex/listings/listings.cfg
File: listings.cfg 2007/02/22 1.4 listings configuration
))
Package: listings 2007/02/22 1.4 (Carsten Heinz)
 (./ShapeWorksStudioLab.aux)
\openout1 = `ShapeWorksStudioLab.aux'.

LaTeX Font Info:    Checking defaults for OML/cmm/m/it on input line 106.
LaTeX Font Info:    ... okay on input line 106.
LaTeX Font Info:    Checking defaults for T1/cmr/m/n on input line 106.
LaTeX Font Info:    ... okay on input line 106.
LaTeX Font Info:    Checking defaults for OT1/cmr/m/n on input line 106.
LaTeX Font Info:    ... okay on input line 106.
LaTeX Font Info:    Checking defaults for OMS/cmsy/m/n on input line 106.
LaTeX Font Info:    ... okay on input line 106.
LaTeX Font Info:    Checking defaults for OMX/cmex/m/n on input line 106.
LaTeX Font Info:    ... okay on input line 106.
LaTeX Font Info:    Checking defaults for U/cmr/m/n on input line 106.
LaTeX Font Info:    ... okay on input line 106.
LaTeX Font Info:    Checking defaults for PD1/pdf/m/n on input line 106.
LaTeX Font Info:    ... okay on input line 106.
*geometry* driver: auto-detecting
*geometry* detected driver: pdftex
*geometry* verbose mode - [ preamble ] result:
* driver: pdftex
* paper: letterpaper
* layout: <same size as paper>
* layoutoffset:(h,v)=(0.0pt,0.0pt)
* modes: 
* h-part:(L,W,R)=(72.26999pt, 469.75502pt, 72.26999pt)
* v-part:(T,H,B)=(72.26999pt, 650.43001pt, 72.26999pt)
* \paperwidth=614.295pt
* \paperheight=794.96999pt
* \textwidth=469.75502pt
* \textheight=650.43001pt
* \oddsidemargin=0.0pt
* \evensidemargin=0.0pt
* \topmargin=0.0pt
* \headheight=0.0pt
* \headsep=0.0pt
* \topskip=0.0pt
* \footskip=30.0pt
* \marginparwidth=44.0pt
* \marginparsep=10.0pt
* \columnsep=10.0pt
* \skip\footins=10.8pt plus 4.0pt minus 2.0pt
* \hoffset=0.0pt
* \voffset=0.0pt
* \mag=1000
* \@twocolumnfalse
* \@twosidefalse
* \@mparswitchfalse
* \@reversemarginfalse
* (1in=72.27pt=25.4mm, 1cm=28.453pt)

(/usr/share/texmf/tex/context/base/supp-pdf.mkii
[Loading MPS to PDF converter (version 2006.09.02).]
\scratchcounter=\count134
\scratchdimen=\dimen139
\scratchbox=\box33
\nofMPsegments=\count135
\nofMParguments=\count136
\everyMPshowfont=\toks26
\MPscratchCnt=\count137
\MPscratchDim=\dimen140
\MPnumerator=\count138
\makeMPintoPDFobject=\count139
\everyMPtoPDFconversion=\toks27
) (/usr/share/texmf/tex/latex/oberdiek/epstopdf-base.sty
Package: epstopdf-base 2010/02/09 v2.5 Base part for package epstopdf

(/usr/share/texmf/tex/latex/oberdiek/grfext.sty
Package: grfext 2010/08/19 v1.1 Manage graphics extensions (HO)
)
Package grfext Info: Graphics extension search list:
(grfext)             [.png,.pdf,.jpg,.mps,.jpeg,.jbig2,.jb2,.PNG,.PDF,.JPG,.JPE
G,.JBIG2,.JB2,.eps]
(grfext)             \AppendGraphicsExtensions on input line 452.

(/usr/share/texmf/tex/latex/latexconfig/epstopdf-sys.cfg
File: epstopdf-sys.cfg 2010/07/13 v1.3 Configuration of (r)epstopdf for TeX Liv
e
))
\AtBeginShipoutBox=\box34


Package hyperref Warning: Draft mode on.

Package hyperref Info: Link coloring OFF on input line 106.
(/usr/share/texmf/tex/latex/hyperref/nameref.sty
Package: nameref 2012/10/27 v2.43 Cross-referencing by name of section

(/usr/share/texmf/tex/generic/oberdiek/gettitlestring.sty
Package: gettitlestring 2010/12/03 v1.4 Cleanup title references (HO)
)
\c@section@level=\count140
)
LaTeX Info: Redefining \ref on input line 106.
LaTeX Info: Redefining \pageref on input line 106.
LaTeX Info: Redefining \nameref on input line 106.
Package caption Info: Begin \AtBeginDocument code.
Package caption Info: float package is loaded.
Package caption Info: listings package is loaded.
Package caption Info: wrapfig package is loaded.
Package caption Info: End \AtBeginDocument code.
\c@lstlisting=\count141

<figs/shapes-icon.png, id=1, 128.48pt x 128.48pt>
File: figs/shapes-icon.png Graphic file (type png)
 <use figs/shapes-icon.png>
Package pdftex.def Info: figs/shapes-icon.png used on input line 111.
(pdftex.def)             Requested size: 128.47968pt x 128.47968pt.

(./ShapeWorksStudioLab.toc)
\tf@toc=\write3
\openout3 = `ShapeWorksStudioLab.toc'.

LaTeX Font Info:    Try loading font information for OMS+cmr on input line 134.

 (/usr/share/texmf/tex/latex/base/omscmr.fd
File: omscmr.fd 1999/05/25 v2.5h Standard LaTeX font definitions
)
LaTeX Font Info:    Font shape `OMS/cmr/m/n' in size <12> not available
(Font)              Font shape `OMS/cmsy/m/n' tried instead on input line 134.

[1

{/usr/share/texmf/fonts/map/pdftex/updmap/pdftex.map} <./figs/shapes-icon.png>]

Underfull \hbox (badness 2564) in paragraph at lines 140--141
[]\OT1/cmr/m/n/12 Shapeworks com-mand line tools (Groom and Run) are re-quired 
for Stu-dio
 []

(/usr/share/texmf/tex/latex/listings/lstlang1.sty
File: lstlang1.sty 2004/09/05 1.3 listings language file
)
(/usr/share/texmf/tex/latex/listings/lstlang1.sty
File: lstlang1.sty 2004/09/05 1.3 listings language file
)
LaTeX Font Info:    Font shape `OT1/cmtt/bx/n' in size <10.95> not available
(Font)              Font shape `OT1/cmtt/m/n' tried instead on input line 151.
 [2]
<figs/qtwin2.png, id=20, 1027.84pt x 642.4pt>
File: figs/qtwin2.png Graphic file (type png)
 <use figs/qtwin2.png>
Package pdftex.def Info: figs/qtwin2.png used on input line 176.
(pdftex.def)             Requested size: 422.77664pt x 264.2385pt.

<figs/add.png, id=21, 1027.84pt x 641.597pt>
File: figs/add.png Graphic file (type png)
 <use figs/add.png>
Package pdftex.def Info: figs/add.png used on input line 191.
(pdftex.def)             Requested size: 422.77664pt x 263.90819pt.

<figs/import.png, id=22, 1037.476pt x 625.537pt>
File: figs/import.png Graphic file (type png)
 <use figs/import.png>
Package pdftex.def Info: figs/import.png used on input line 198.
(pdftex.def)             Requested size: 422.77664pt x 254.90646pt.

<figs/torusfiles.png, id=23, 750.55406pt x 419.31656pt>
File: figs/torusfiles.png Graphic file (type png)

<use figs/torusfiles.png>
Package pdftex.def Info: figs/torusfiles.png used on input line 205.
(pdftex.def)             Requested size: 422.77664pt x 236.19768pt.
 <figs/torusimages.png, id=24, 963.6pt x 583.42969pt>
File: figs/torusimages.png Graphic file (type png)

<use figs/torusimages.png>
Package pdftex.def Info: figs/torusimages.png used on input line 212.
(pdftex.def)             Requested size: 422.77664pt x 255.97095pt.
 <figs/remove.png, id=25, 1027.84pt x 642.4pt>
File: figs/remove.png Graphic file (type png)

<use figs/remove.png>
Package pdftex.def Info: figs/remove.png used on input line 219.
(pdftex.def)             Requested size: 422.77664pt x 264.2385pt.
 <figs/save.png, id=26, 1039.885pt x 643.203pt>
File: figs/save.png Graphic file (type png)

<use figs/save.png>
Package pdftex.def Info: figs/save.png used on input line 226.
(pdftex.def)             Requested size: 422.77664pt x 261.49686pt.
 <figs/close.png, id=27, 1039.885pt x 630.355pt>
File: figs/close.png Graphic file (type png)

<use figs/close.png>
Package pdftex.def Info: figs/close.png used on input line 233.
(pdftex.def)             Requested size: 422.77664pt x 256.27345pt.
 [3 <./figs/qtwin2.png>] [4 <./figs/add.png> <./figs/import.png>] [5 <./figs/to
rusfiles.png> <./figs/torusimages.png>] [6 <./figs/remove.png> <./figs/save.png
>] [7 <./figs/close.png>]
<figs/groom.png, id=50, 259.7203pt x 333.49594pt>
File: figs/groom.png Graphic file (type png)
 <use figs/groom.png>
Package pdftex.def Info: figs/groom.png used on input line 271.
(pdftex.def)             Requested size: 197.29825pt x 253.3425pt.

Underfull \hbox (badness 10000) in paragraph at lines 275--275
[]\OT1/cmr/m/n/12 Fig. 9: |\OT1/cmtt/m/n/12 Groom\OT1/cmr/m/n/12 -ing your
 []


Underfull \hbox (badness 3271) in paragraph at lines 275--275
\OT1/cmr/m/n/12 step that would con-vert
 []


Underfull \hbox (badness 2781) in paragraph at lines 275--275
\OT1/cmr/m/n/12 the in-put bi-nary im-ages
 []


Underfull \hbox (badness 10000) in paragraph at lines 275--275
\OT1/cmr/m/n/12 to their cor-re-spond-ing
 []


Underfull \hbox (badness 1997) in paragraph at lines 275--275
\OT1/cmr/m/n/12 Shape-Works while tak-ing
 []

<figs/groomed.png, id=51, 1029.446pt x 626.34pt>
File: figs/groomed.png Graphic file (type png)
 <use figs/groomed.png>
Package pdftex.def Info: figs/groomed.png used on input line 282.
(pdftex.def)             Requested size: 422.77664pt x 257.22157pt.

<figs/zoom.png, id=52, 1039.885pt x 626.34pt>
File: figs/zoom.png Graphic file (type png)
 <use figs/zoom.png>
Package pdftex.def Info: figs/zoom.png used on input line 289.
(pdftex.def)             Requested size: 422.77664pt x 254.64113pt.
 [8] [9 <./figs/groom.png> <./figs/groomed.png>] [10 <./figs/zoom.png>]
<figs/optimize.png, id=67, 257.46187pt x 267.24844pt>
File: figs/optimize.png Graphic file (type png)
 <use figs/optimize.png>
Package pdftex.def Info: figs/optimize.png used on input line 318.
(pdftex.def)             Requested size: 197.29825pt x 204.80324pt.

<figs/relative_1.png, id=68, 1445.4pt x 787.44188pt>
File: figs/relative_1.png Graphic file (type png)
 <use figs/relative_1.png>
Package pdftex.def Info: figs/relative_1.png used on input line 329.
(pdftex.def)             Requested size: 422.77664pt x 230.32281pt.

<figs/relative_100.png, id=69, 1445.4pt x 787.44188pt>
File: figs/relative_100.png Graphic file (type png)

<use figs/relative_100.png>
Package pdftex.def Info: figs/relative_100.png used on input line 336.
(pdftex.def)             Requested size: 422.77664pt x 230.32281pt.

<figs/rel1_hover1.png, id=70, 1445.4pt x 787.44188pt>
File: figs/rel1_hover1.png Graphic file (type png)

<use figs/rel1_hover1.png>
Package pdftex.def Info: figs/rel1_hover1.png used on input line 343.
(pdftex.def)             Requested size: 422.77664pt x 230.32281pt.

<figs/rel1_hover2.png, id=71, 1445.4pt x 787.44188pt>
File: figs/rel1_hover2.png Graphic file (type png)

<use figs/rel1_hover2.png>
Package pdftex.def Info: figs/rel1_hover2.png used on input line 350.
(pdftex.def)             Requested size: 422.77664pt x 230.32281pt.

<figs/rel100_hover1.png, id=72, 1445.4pt x 787.44188pt>
File: figs/rel100_hover1.png Graphic file (type png)

<use figs/rel100_hover1.png>
Package pdftex.def Info: figs/rel100_hover1.png used on input line 358.
(pdftex.def)             Requested size: 422.77664pt x 230.32281pt.

<figs/rel100_hover2.png, id=73, 1445.4pt x 787.44188pt>
File: figs/rel100_hover2.png Graphic file (type png)

<use figs/rel100_hover2.png>
Package pdftex.def Info: figs/rel100_hover2.png used on input line 365.
(pdftex.def)             Requested size: 422.77664pt x 230.32281pt.

<figs/analysis.png, id=74, 182.18062pt x 488.57532pt>
File: figs/analysis.png Graphic file (type png)
 <use figs/analysis.png>
Package pdftex.def Info: figs/analysis.png used on input line 377.
(pdftex.def)             Requested size: 201.99121pt x 541.72116pt.

[11 <./figs/optimize.png> <./figs/relative_1.png>] [12 <./figs/relative_100.png
> <./figs/rel1_hover1.png>] [13 <./figs/rel1_hover2.png> <./figs/rel100_hover1.
png>] [14 <./figs/rel100_hover2.png>] [15 <./figs/analysis.png>]
<figs/spectrum_rel1.png, id=92, 198.7425pt x 310.91156pt>
File: figs/spectrum_rel1.png Graphic file (type png)

<use figs/spectrum_rel1.png>
Package pdftex.def Info: figs/spectrum_rel1.png used on input line 414.
(pdftex.def)             Requested size: 187.89914pt x 293.95528pt.

<figs/spectrum_rel100.png, id=93, 198.7425pt x 310.91156pt>
File: figs/spectrum_rel100.png Graphic file (type png)

<use figs/spectrum_rel100.png>
Package pdftex.def Info: figs/spectrum_rel100.png used on input line 415.
(pdftex.def)             Requested size: 187.89914pt x 293.95528pt.

<figs/render.png, id=94, 1247.059pt x 122.859pt>
File: figs/render.png Graphic file (type png)
 <use figs/render.png>
Package pdftex.def Info: figs/render.png used on input line 424.
(pdftex.def)             Requested size: 469.75502pt x 46.28009pt.
 [16 <./figs/spectrum_rel1.png> <./figs/spectrum_rel100.png> <./figs/render.png
>]
<figs/pref.png, id=99, 381.67593pt x 308.65312pt>
File: figs/pref.png Graphic file (type png)
 <use figs/pref.png>
Package pdftex.def Info: figs/pref.png used on input line 462.
(pdftex.def)             Requested size: 234.8775pt x 189.94063pt.
 [17]
[18 <./figs/pref.png>]
<figs/supershapes_groom.png, id=106, 240.14719pt x 329.73187pt>
File: figs/supershapes_groom.png Graphic file (type png)

<use figs/supershapes_groom.png>
Package pdftex.def Info: figs/supershapes_groom.png used on input line 511.
(pdftex.def)             Requested size: 187.89914pt x 257.99481pt.

<figs/supershapes_optimize.png, id=107, 240.14719pt x 329.73187pt>
File: figs/supershapes_optimize.png Graphic file (type png)

<use figs/supershapes_optimize.png>
Package pdftex.def Info: figs/supershapes_optimize.png used on input line 512.
(pdftex.def)             Requested size: 187.89914pt x 257.99481pt.

<figs/supershapes_1mode_spectrum.png, id=108, 683.55376pt x 313.17pt>
File: figs/supershapes_1mode_spectrum.png Graphic file (type png)

<use figs/supershapes_1mode_spectrum.png>
Package pdftex.def Info: figs/supershapes_1mode_spectrum.png used on input line
 520.
(pdftex.def)             Requested size: 328.82707pt x 150.65437pt.

<figs/supershapes_2mode_spectrum.png, id=109, 683.55376pt x 313.17pt>
File: figs/supershapes_2mode_spectrum.png Graphic file (type png)

<use figs/supershapes_2mode_spectrum.png>
Package pdftex.def Info: figs/supershapes_2mode_spectrum.png used on input line
 521.
(pdftex.def)             Requested size: 328.82707pt x 150.65437pt.

<figs/supershapes_3mode_spectrum.png, id=110, 683.55376pt x 313.17pt>
File: figs/supershapes_3mode_spectrum.png Graphic file (type png)

<use figs/supershapes_3mode_spectrum.png>
Package pdftex.def Info: figs/supershapes_3mode_spectrum.png used on input line
 522.
(pdftex.def)             Requested size: 328.82707pt x 150.65437pt.

<figs/supershapes_3mode_mod1_neg1std.png, id=111, 511.15968pt x 485.56406pt>
File: figs/supershapes_3mode_mod1_neg1std.png Graphic file (type png)

<use figs/supershapes_3mode_mod1_neg1std.png>
Package pdftex.def Info: figs/supershapes_3mode_mod1_neg1std.png used on input 
line 530.
(pdftex.def)             Requested size: 140.92793pt x 133.86763pt.

<figs/supershapes_3mode_mod1_0std.png, id=112, 511.15968pt x 485.56406pt>
File: figs/supershapes_3mode_mod1_0std.png Graphic file (type png)

<use figs/supershapes_3mode_mod1_0std.png>
Package pdftex.def Info: figs/supershapes_3mode_mod1_0std.png used on input lin
e 531.
(pdftex.def)             Requested size: 140.92793pt x 133.86763pt.

<figs/supershapes_3mode_mod1_1std.png, id=113, 511.15968pt x 485.56406pt>
File: figs/supershapes_3mode_mod1_1std.png Graphic file (type png)

<use figs/supershapes_3mode_mod1_1std.png>
Package pdftex.def Info: figs/supershapes_3mode_mod1_1std.png used on input lin
e 532.
(pdftex.def)             Requested size: 140.92793pt x 133.86763pt.

<figs/supershapes_3mode_mod2_neg1std.png, id=114, 468.24937pt x 567.62062pt>
File: figs/supershapes_3mode_mod2_neg1std.png Graphic file (type png)

<use figs/supershapes_3mode_mod2_neg1std.png>
Package pdftex.def Info: figs/supershapes_3mode_mod2_neg1std.png used on input 
line 540.
(pdftex.def)             Requested size: 140.92793pt x 170.83315pt.

<figs/supershapes_3mode_mod2_0std.png, id=115, 468.24937pt x 567.62062pt>
File: figs/supershapes_3mode_mod2_0std.png Graphic file (type png)

<use figs/supershapes_3mode_mod2_0std.png>
Package pdftex.def Info: figs/supershapes_3mode_mod2_0std.png used on input lin
e 541.
(pdftex.def)             Requested size: 140.92793pt x 170.83315pt.

<figs/supershapes_3mode_mod2_1std.png, id=116, 468.24937pt x 567.62062pt>
File: figs/supershapes_3mode_mod2_1std.png Graphic file (type png)

<use figs/supershapes_3mode_mod2_1std.png>
Package pdftex.def Info: figs/supershapes_3mode_mod2_1std.png used on input lin
e 542.
(pdftex.def)             Requested size: 140.92793pt x 170.83315pt.

<figs/supershapes_3mode_mod3_neg1std.png, id=117, 514.17094pt x 442.65375pt>
File: figs/supershapes_3mode_mod3_neg1std.png Graphic file (type png)

<use figs/supershapes_3mode_mod3_neg1std.png>
Package pdftex.def Info: figs/supershapes_3mode_mod3_neg1std.png used on input 
line 550.
(pdftex.def)             Requested size: 140.92793pt x 121.32826pt.

<figs/supershapes_3mode_mod3_0std.png, id=118, 514.17094pt x 442.65375pt>
File: figs/supershapes_3mode_mod3_0std.png Graphic file (type png)

<use figs/supershapes_3mode_mod3_0std.png>
Package pdftex.def Info: figs/supershapes_3mode_mod3_0std.png used on input lin
e 551.
(pdftex.def)             Requested size: 140.92793pt x 121.32826pt.

<figs/supershapes_3mode_mod3_1std.png, id=119, 514.17094pt x 442.65375pt>
File: figs/supershapes_3mode_mod3_1std.png Graphic file (type png)

<use figs/supershapes_3mode_mod3_1std.png>
Package pdftex.def Info: figs/supershapes_3mode_mod3_1std.png used on input lin
e 552.
(pdftex.def)             Requested size: 140.92793pt x 121.32826pt.

Underfull \hbox (badness 10000) in paragraph at lines 560--561
\OT1/cmr/m/n/12 Please email any ques-tions to \OT1/cmtt/m/n/12 shapeworks-user
s@sci.utah.edu\OT1/cmr/m/n/12 . If there
 []


Underfull \hbox (badness 10000) in paragraph at lines 560--561
\OT1/cmr/m/n/12 prob-lems or bugs, please re-port them us-ing the is-sue tracke
r on GitHub
 []


Underfull \hbox (badness 1810) in paragraph at lines 560--561
\OT1/cmtt/m/n/12 https://github.com/SCIInstitute/ShapeWorksStudio/issues\OT1/cm
r/m/n/12 . This in-cludes fea-ture
 []

[19 <./figs/supershapes_groom.png> <./figs/supershapes_optimize.png>] [20 <./fi
gs/supershapes_1mode_spectrum.png> <./figs/supershapes_2mode_spectrum.png> <./f
igs/supershapes_3mode_spectrum.png>] [21 <./figs/supershapes_3mode_mod1_neg1std
.png> <./figs/supershapes_3mode_mod1_0std.png> <./figs/supershapes_3mode_mod1_1
std.png> <./figs/supershapes_3mode_mod2_neg1std.png> <./figs/supershapes_3mode_
mod2_0std.png> <./figs/supershapes_3mode_mod2_1std.png> <./figs/supershapes_3mo
de_mod3_neg1std.png> <./figs/supershapes_3mode_mod3_0std.png> <./figs/supershap
es_3mode_mod3_1std.png>]
Package atveryend Info: Empty hook `BeforeClearDocument' on input line 564.
 [22]
Package atveryend Info: Empty hook `AfterLastShipout' on input line 564.
 (./ShapeWorksStudioLab.aux)
Package atveryend Info: Executing hook `AtVeryEndDocument' on input line 564.
Package atveryend Info: Empty hook `AtEndAfterFileList' on input line 564.
Package atveryend Info: Empty hook `AtVeryVeryEnd' on input line 564.
 ) 
Here is how much of TeX's memory you used:
 9307 strings out of 493315
 139137 string characters out of 6145894
 303902 words of memory out of 5000000
 12553 multiletter control sequences out of 15000+600000
 10392 words of font info for 38 fonts, out of 8000000 for 9000
 1016 hyphenation exceptions out of 8191
 37i,8n,58p,970b,1118s stack positions out of 5000i,500n,10000p,200000b,80000s
</usr/share/texmf/fonts/type1/public/amsfonts/cm/cmbx12.pfb></usr/share/texmf
/fonts/type1/public/amsfonts/cm/cmex10.pfb></usr/share/texmf/fonts/type1/public
/amsfonts/cm/cmmi10.pfb></usr/share/texmf/fonts/type1/public/amsfonts/cm/cmmi12
.pfb></usr/share/texmf/fonts/type1/public/amsfonts/cm/cmmi8.pfb></usr/share/tex
mf/fonts/type1/public/amsfonts/cm/cmr12.pfb></usr/share/texmf/fonts/type1/publi
c/amsfonts/cm/cmr6.pfb></usr/share/texmf/fonts/type1/public/amsfonts/cm/cmr8.pf
b></usr/share/texmf/fonts/type1/public/amsfonts/cm/cmss12.pfb></usr/share/texmf
/fonts/type1/public/amsfonts/cm/cmsy10.pfb></usr/share/texmf/fonts/type1/public
/amsfonts/cm/cmsy8.pfb></usr/share/texmf/fonts/type1/public/amsfonts/cm/cmti12.
pfb></usr/share/texmf/fonts/type1/public/amsfonts/cm/cmtt10.pfb></usr/share/tex
mf/fonts/type1/public/amsfonts/cm/cmtt12.pfb>
Output written on ShapeWorksStudioLab.pdf (22 pages, 10064369 bytes).
PDF statistics:
 181 PDF objects out of 1000 (max. 8388607)
 93 compressed objects within 1 object stream
 0 named destinations out of 1000 (max. 500000)
 191 words of extra memory for PDF output out of 10000 (max. 10000000)

